2022-01-18 13:24:43,789 INFO Log4j2ExampleApp [main] Log4j2ExampleApp started.
2022-01-18 13:24:43,792 WARN Log4j2ExampleApp [main] Something to warn
2022-01-18 13:24:43,792 ERROR Log4j2ExampleApp [main] Something failed.
2022-01-18 13:24:43,792 ERROR Log4j2ExampleApp [main] Error message
java.nio.file.NoSuchFileException: \file\does\not\exist
	at sun.nio.fs.WindowsException.translateToIOException(WindowsException.java:79) ~[?:1.8.0_231]
	at sun.nio.fs.WindowsException.rethrowAsIOException(WindowsException.java:97) ~[?:1.8.0_231]
	at sun.nio.fs.WindowsException.rethrowAsIOException(WindowsException.java:102) ~[?:1.8.0_231]
	at sun.nio.fs.WindowsFileSystemProvider.newByteChannel(WindowsFileSystemProvider.java:230) ~[?:1.8.0_231]
	at java.nio.file.Files.newByteChannel(Files.java:361) ~[?:1.8.0_231]
	at java.nio.file.Files.newByteChannel(Files.java:407) ~[?:1.8.0_231]
	at java.nio.file.Files.readAllBytes(Files.java:3152) ~[?:1.8.0_231]
	at Log4j2ExampleApp.main(Log4j2ExampleApp.java:17) [classes/:?]
2022-01-18 13:27:43,775 INFO Log4j2ExampleApp [main] Log4j2ExampleApp started.
2022-01-18 13:27:43,778 WARN Log4j2ExampleApp [main] Something to warn
2022-01-18 13:27:43,778 ERROR Log4j2ExampleApp [main] Something failed.
2022-01-18 13:27:43,778 ERROR Log4j2ExampleApp [main] Error message
java.nio.file.NoSuchFileException: \file\does\not\exist
	at sun.nio.fs.WindowsException.translateToIOException(WindowsException.java:79) ~[?:1.8.0_231]
	at sun.nio.fs.WindowsException.rethrowAsIOException(WindowsException.java:97) ~[?:1.8.0_231]
	at sun.nio.fs.WindowsException.rethrowAsIOException(WindowsException.java:102) ~[?:1.8.0_231]
	at sun.nio.fs.WindowsFileSystemProvider.newByteChannel(WindowsFileSystemProvider.java:230) ~[?:1.8.0_231]
	at java.nio.file.Files.newByteChannel(Files.java:361) ~[?:1.8.0_231]
	at java.nio.file.Files.newByteChannel(Files.java:407) ~[?:1.8.0_231]
	at java.nio.file.Files.readAllBytes(Files.java:3152) ~[?:1.8.0_231]
	at Log4j2ExampleApp.main(Log4j2ExampleApp.java:17) [classes/:?]
2022-01-18 13:28:51,980 INFO Log4j2ExampleApp [main] Log4j2ExampleApp started.
2022-01-18 13:28:51,983 WARN Log4j2ExampleApp [main] Something to warn
2022-01-18 13:28:51,983 ERROR Log4j2ExampleApp [main] Something failed.
2022-01-18 13:28:51,983 ERROR Log4j2ExampleApp [main] Error message
java.nio.file.NoSuchFileException: \file\does\not\exist
	at sun.nio.fs.WindowsException.translateToIOException(WindowsException.java:79) ~[?:1.8.0_231]
	at sun.nio.fs.WindowsException.rethrowAsIOException(WindowsException.java:97) ~[?:1.8.0_231]
	at sun.nio.fs.WindowsException.rethrowAsIOException(WindowsException.java:102) ~[?:1.8.0_231]
	at sun.nio.fs.WindowsFileSystemProvider.newByteChannel(WindowsFileSystemProvider.java:230) ~[?:1.8.0_231]
	at java.nio.file.Files.newByteChannel(Files.java:361) ~[?:1.8.0_231]
	at java.nio.file.Files.newByteChannel(Files.java:407) ~[?:1.8.0_231]
	at java.nio.file.Files.readAllBytes(Files.java:3152) ~[?:1.8.0_231]
	at Log4j2ExampleApp.main(Log4j2ExampleApp.java:17) [classes/:?]
2022-01-18 13:50:45,831 INFO Log4j2ExampleApp [main] Log4j2ExampleApp started.
2022-01-18 13:50:45,833 WARN Log4j2ExampleApp [main] Something to warn
2022-01-18 13:50:45,833 ERROR Log4j2ExampleApp [main] Something failed.
2022-01-18 13:50:45,834 ERROR Log4j2ExampleApp [main] Error message
java.nio.file.NoSuchFileException: \file\does\not\exist
	at sun.nio.fs.WindowsException.translateToIOException(WindowsException.java:79) ~[?:1.8.0_231]
	at sun.nio.fs.WindowsException.rethrowAsIOException(WindowsException.java:97) ~[?:1.8.0_231]
	at sun.nio.fs.WindowsException.rethrowAsIOException(WindowsException.java:102) ~[?:1.8.0_231]
	at sun.nio.fs.WindowsFileSystemProvider.newByteChannel(WindowsFileSystemProvider.java:230) ~[?:1.8.0_231]
	at java.nio.file.Files.newByteChannel(Files.java:361) ~[?:1.8.0_231]
	at java.nio.file.Files.newByteChannel(Files.java:407) ~[?:1.8.0_231]
	at java.nio.file.Files.readAllBytes(Files.java:3152) ~[?:1.8.0_231]
	at Log4j2ExampleApp.main(Log4j2ExampleApp.java:17) [classes/:?]
2022-01-18 13:55:36,398 INFO Log4j2ExampleApp [main] Log4j2ExampleApp started.
2022-01-18 13:55:36,400 WARN Log4j2ExampleApp [main] Something to warn
2022-01-18 13:55:36,400 ERROR Log4j2ExampleApp [main] Something failed.
2022-01-18 13:55:36,401 ERROR Log4j2ExampleApp [main] Error message
java.nio.file.NoSuchFileException: \file\does\not\exist
	at sun.nio.fs.WindowsException.translateToIOException(WindowsException.java:79) ~[?:1.8.0_231]
	at sun.nio.fs.WindowsException.rethrowAsIOException(WindowsException.java:97) ~[?:1.8.0_231]
	at sun.nio.fs.WindowsException.rethrowAsIOException(WindowsException.java:102) ~[?:1.8.0_231]
	at sun.nio.fs.WindowsFileSystemProvider.newByteChannel(WindowsFileSystemProvider.java:230) ~[?:1.8.0_231]
	at java.nio.file.Files.newByteChannel(Files.java:361) ~[?:1.8.0_231]
	at java.nio.file.Files.newByteChannel(Files.java:407) ~[?:1.8.0_231]
	at java.nio.file.Files.readAllBytes(Files.java:3152) ~[?:1.8.0_231]
	at Log4j2ExampleApp.main(Log4j2ExampleApp.java:17) [classes/:?]
2022-01-18 13:56:14,176 INFO Log4j2ExampleApp [main] Log4j2ExampleApp started.
2022-01-18 13:56:14,178 WARN Log4j2ExampleApp [main] Something to warn
2022-01-18 13:56:14,178 ERROR Log4j2ExampleApp [main] Something failed.
2022-01-18 13:56:14,179 ERROR Log4j2ExampleApp [main] Error message
java.nio.file.NoSuchFileException: \file\does\not\exist
	at sun.nio.fs.WindowsException.translateToIOException(WindowsException.java:79) ~[?:1.8.0_231]
	at sun.nio.fs.WindowsException.rethrowAsIOException(WindowsException.java:97) ~[?:1.8.0_231]
	at sun.nio.fs.WindowsException.rethrowAsIOException(WindowsException.java:102) ~[?:1.8.0_231]
	at sun.nio.fs.WindowsFileSystemProvider.newByteChannel(WindowsFileSystemProvider.java:230) ~[?:1.8.0_231]
	at java.nio.file.Files.newByteChannel(Files.java:361) ~[?:1.8.0_231]
	at java.nio.file.Files.newByteChannel(Files.java:407) ~[?:1.8.0_231]
	at java.nio.file.Files.readAllBytes(Files.java:3152) ~[?:1.8.0_231]
	at Log4j2ExampleApp.main(Log4j2ExampleApp.java:17) [classes/:?]
